<?xml version="1.0" encoding="UTF-8"?>
<testsuite name="BLiveClientTest" tests="1" skipped="0" failures="0" errors="0" timestamp="2022-12-11T21:53:39" hostname="LIQING-PC" time="0.046">
  <properties/>
  <testcase name="test()" classname="BLiveClientTest" time="0.046"/>
  <system-out><![CDATA[]]></system-out>
  <system-err><![CDATA[SLF4J: Failed to load class "org.slf4j.impl.StaticLoggerBinder".
SLF4J: Defaulting to no-operation (NOP) logger implementation
SLF4J: See http://www.slf4j.org/codes.html#StaticLoggerBinder for further details.
]]></system-err>
</testsuite>
